{"C:\\Users\\Sisma\\source\\repos\\payment-challenge\\payment-challenge-front\\src\\domain\\logic\\result.ts": {"path":"C:\\Users\\Sisma\\source\\repos\\payment-challenge\\payment-challenge-front\\src\\domain\\logic\\result.ts","statementMap":{"0":{"start":{"line":9,"column":24},"end":{"line":9,"column":null}},"1":{"start":{"line":10,"column":24},"end":{"line":10,"column":null}},"2":{"start":{"line":11,"column":25},"end":{"line":11,"column":null}},"3":{"start":{"line":13,"column":8},"end":{"line":15,"column":null}},"4":{"start":{"line":14,"column":12},"end":{"line":14,"column":null}},"5":{"start":{"line":16,"column":8},"end":{"line":18,"column":null}},"6":{"start":{"line":17,"column":12},"end":{"line":17,"column":null}},"7":{"start":{"line":26,"column":8},"end":{"line":28,"column":null}},"8":{"start":{"line":27,"column":12},"end":{"line":27,"column":null}},"9":{"start":{"line":29,"column":8},"end":{"line":29,"column":null}},"10":{"start":{"line":36,"column":8},"end":{"line":36,"column":null}},"11":{"start":{"line":43,"column":8},"end":{"line":43,"column":null}},"12":{"start":{"line":50,"column":8},"end":{"line":50,"column":null}},"13":{"start":{"line":57,"column":23},"end":{"line":57,"column":null}},"14":{"start":{"line":57,"column":41},"end":{"line":57,"column":52}},"15":{"start":{"line":58,"column":8},"end":{"line":60,"column":null}},"16":{"start":{"line":59,"column":12},"end":{"line":59,"column":null}},"17":{"start":{"line":62,"column":23},"end":{"line":62,"column":null}},"18":{"start":{"line":62,"column":40},"end":{"line":62,"column":52}},"19":{"start":{"line":63,"column":8},"end":{"line":63,"column":null}},"20":{"start":{"line":70,"column":8},"end":{"line":72,"column":null}},"21":{"start":{"line":71,"column":12},"end":{"line":71,"column":null}},"22":{"start":{"line":74,"column":8},"end":{"line":79,"column":null}},"23":{"start":{"line":75,"column":27},"end":{"line":75,"column":null}},"24":{"start":{"line":76,"column":12},"end":{"line":76,"column":null}},"25":{"start":{"line":78,"column":12},"end":{"line":78,"column":null}},"26":{"start":{"line":86,"column":8},"end":{"line":88,"column":null}},"27":{"start":{"line":87,"column":12},"end":{"line":87,"column":null}},"28":{"start":{"line":90,"column":8},"end":{"line":94,"column":null}},"29":{"start":{"line":91,"column":12},"end":{"line":91,"column":null}},"30":{"start":{"line":93,"column":12},"end":{"line":93,"column":null}},"31":{"start":{"line":101,"column":8},"end":{"line":103,"column":null}},"32":{"start":{"line":102,"column":12},"end":{"line":102,"column":null}},"33":{"start":{"line":104,"column":8},"end":{"line":104,"column":null}},"34":{"start":{"line":111,"column":8},"end":{"line":113,"column":null}},"35":{"start":{"line":112,"column":12},"end":{"line":112,"column":null}},"36":{"start":{"line":114,"column":8},"end":{"line":114,"column":null}}},"fnMap":{"0":{"name":"(anonymous_0)","decl":{"start":{"line":8,"column":12},"end":{"line":8,"column":null}},"loc":{"start":{"line":12,"column":6},"end":{"line":19,"column":null}},"line":12},"1":{"name":"(anonymous_1)","decl":{"start":{"line":25,"column":11},"end":{"line":25,"column":25}},"loc":{"start":{"line":25,"column":25},"end":{"line":30,"column":null}},"line":25},"2":{"name":"(anonymous_2)","decl":{"start":{"line":35,"column":15},"end":{"line":35,"column":36}},"loc":{"start":{"line":35,"column":36},"end":{"line":37,"column":null}},"line":35},"3":{"name":"(anonymous_3)","decl":{"start":{"line":42,"column":18},"end":{"line":42,"column":24}},"loc":{"start":{"line":42,"column":46},"end":{"line":44,"column":null}},"line":42},"4":{"name":"(anonymous_4)","decl":{"start":{"line":49,"column":18},"end":{"line":49,"column":26}},"loc":{"start":{"line":49,"column":52},"end":{"line":51,"column":null}},"line":49},"5":{"name":"(anonymous_5)","decl":{"start":{"line":56,"column":18},"end":{"line":56,"column":29}},"loc":{"start":{"line":56,"column":64},"end":{"line":64,"column":null}},"line":56},"6":{"name":"(anonymous_6)","decl":{"start":{"line":57,"column":36},"end":{"line":57,"column":41}},"loc":{"start":{"line":57,"column":41},"end":{"line":57,"column":52}},"line":57},"7":{"name":"(anonymous_7)","decl":{"start":{"line":62,"column":35},"end":{"line":62,"column":40}},"loc":{"start":{"line":62,"column":40},"end":{"line":62,"column":52}},"line":62},"8":{"name":"(anonymous_8)","decl":{"start":{"line":69,"column":11},"end":{"line":69,"column":18}},"loc":{"start":{"line":69,"column":50},"end":{"line":80,"column":null}},"line":69},"9":{"name":"(anonymous_9)","decl":{"start":{"line":85,"column":11},"end":{"line":85,"column":19}},"loc":{"start":{"line":85,"column":59},"end":{"line":95,"column":null}},"line":85},"10":{"name":"(anonymous_10)","decl":{"start":{"line":100,"column":11},"end":{"line":100,"column":21}},"loc":{"start":{"line":100,"column":56},"end":{"line":105,"column":null}},"line":100},"11":{"name":"(anonymous_11)","decl":{"start":{"line":110,"column":11},"end":{"line":110,"column":21}},"loc":{"start":{"line":110,"column":61},"end":{"line":115,"column":null}},"line":110}},"branchMap":{"0":{"loc":{"start":{"line":13,"column":8},"end":{"line":15,"column":null}},"type":"if","locations":[{"start":{"line":13,"column":8},"end":{"line":15,"column":null}},{"start":{},"end":{}}],"line":13},"1":{"loc":{"start":{"line":13,"column":12},"end":{"line":13,"column":32}},"type":"binary-expr","locations":[{"start":{"line":13,"column":12},"end":{"line":13,"column":25}},{"start":{"line":13,"column":25},"end":{"line":13,"column":32}}],"line":13},"2":{"loc":{"start":{"line":16,"column":8},"end":{"line":18,"column":null}},"type":"if","locations":[{"start":{"line":16,"column":8},"end":{"line":18,"column":null}},{"start":{},"end":{}}],"line":16},"3":{"loc":{"start":{"line":16,"column":12},"end":{"line":16,"column":34}},"type":"binary-expr","locations":[{"start":{"line":16,"column":12},"end":{"line":16,"column":26}},{"start":{"line":16,"column":26},"end":{"line":16,"column":34}}],"line":16},"4":{"loc":{"start":{"line":26,"column":8},"end":{"line":28,"column":null}},"type":"if","locations":[{"start":{"line":26,"column":8},"end":{"line":28,"column":null}},{"start":{},"end":{}}],"line":26},"5":{"loc":{"start":{"line":58,"column":8},"end":{"line":60,"column":null}},"type":"if","locations":[{"start":{"line":58,"column":8},"end":{"line":60,"column":null}},{"start":{},"end":{}}],"line":58},"6":{"loc":{"start":{"line":70,"column":8},"end":{"line":72,"column":null}},"type":"if","locations":[{"start":{"line":70,"column":8},"end":{"line":72,"column":null}},{"start":{},"end":{}}],"line":70},"7":{"loc":{"start":{"line":78,"column":31},"end":{"line":78,"column":85}},"type":"cond-expr","locations":[{"start":{"line":78,"column":56},"end":{"line":78,"column":72}},{"start":{"line":78,"column":72},"end":{"line":78,"column":85}}],"line":78},"8":{"loc":{"start":{"line":86,"column":8},"end":{"line":88,"column":null}},"type":"if","locations":[{"start":{"line":86,"column":8},"end":{"line":88,"column":null}},{"start":{},"end":{}}],"line":86},"9":{"loc":{"start":{"line":93,"column":31},"end":{"line":93,"column":85}},"type":"cond-expr","locations":[{"start":{"line":93,"column":56},"end":{"line":93,"column":72}},{"start":{"line":93,"column":72},"end":{"line":93,"column":85}}],"line":93},"10":{"loc":{"start":{"line":101,"column":8},"end":{"line":103,"column":null}},"type":"if","locations":[{"start":{"line":101,"column":8},"end":{"line":103,"column":null}},{"start":{},"end":{}}],"line":101},"11":{"loc":{"start":{"line":111,"column":8},"end":{"line":113,"column":null}},"type":"if","locations":[{"start":{"line":111,"column":8},"end":{"line":113,"column":null}},{"start":{},"end":{}}],"line":111}},"s":{"0":49,"1":49,"2":49,"3":49,"4":1,"5":48,"6":1,"7":26,"8":1,"9":25,"10":36,"11":27,"12":20,"13":3,"14":7,"15":3,"16":2,"17":1,"18":3,"19":1,"20":8,"21":2,"22":6,"23":6,"24":6,"25":1,"26":7,"27":1,"28":6,"29":6,"30":1,"31":5,"32":4,"33":5,"34":4,"35":3,"36":4},"f":{"0":49,"1":26,"2":36,"3":1,"4":1,"5":1,"6":7,"7":3,"8":8,"9":7,"10":5,"11":4},"b":{"0":[1,48],"1":[49,28],"2":[1,47],"3":[48,21],"4":[1,25],"5":[2,1],"6":[2,6],"7":[1,0],"8":[1,6],"9":[1,0],"10":[4,1],"11":[3,1]},"meta":{"lastBranch":12,"lastFunction":12,"lastStatement":37,"seen":{"f:8:12:8:Infinity":0,"s:9:24:9:Infinity":0,"s:10:24:10:Infinity":1,"s:11:25:11:Infinity":2,"b:13:8:15:Infinity:undefined:undefined:undefined:undefined":0,"s:13:8:15:Infinity":3,"b:13:12:13:25:13:25:13:32":1,"s:14:12:14:Infinity":4,"b:16:8:18:Infinity:undefined:undefined:undefined:undefined":2,"s:16:8:18:Infinity":5,"b:16:12:16:26:16:26:16:34":3,"s:17:12:17:Infinity":6,"f:25:11:25:25":1,"b:26:8:28:Infinity:undefined:undefined:undefined:undefined":4,"s:26:8:28:Infinity":7,"s:27:12:27:Infinity":8,"s:29:8:29:Infinity":9,"f:35:15:35:36":2,"s:36:8:36:Infinity":10,"f:42:18:42:24":3,"s:43:8:43:Infinity":11,"f:49:18:49:26":4,"s:50:8:50:Infinity":12,"f:56:18:56:29":5,"s:57:23:57:Infinity":13,"f:57:36:57:41":6,"s:57:41:57:52":14,"b:58:8:60:Infinity:undefined:undefined:undefined:undefined":5,"s:58:8:60:Infinity":15,"s:59:12:59:Infinity":16,"s:62:23:62:Infinity":17,"f:62:35:62:40":7,"s:62:40:62:52":18,"s:63:8:63:Infinity":19,"f:69:11:69:18":8,"b:70:8:72:Infinity:undefined:undefined:undefined:undefined":6,"s:70:8:72:Infinity":20,"s:71:12:71:Infinity":21,"s:74:8:79:Infinity":22,"s:75:27:75:Infinity":23,"s:76:12:76:Infinity":24,"s:78:12:78:Infinity":25,"b:78:56:78:72:78:72:78:85":7,"f:85:11:85:19":9,"b:86:8:88:Infinity:undefined:undefined:undefined:undefined":8,"s:86:8:88:Infinity":26,"s:87:12:87:Infinity":27,"s:90:8:94:Infinity":28,"s:91:12:91:Infinity":29,"s:93:12:93:Infinity":30,"b:93:56:93:72:93:72:93:85":9,"f:100:11:100:21":10,"b:101:8:103:Infinity:undefined:undefined:undefined:undefined":10,"s:101:8:103:Infinity":31,"s:102:12:102:Infinity":32,"s:104:8:104:Infinity":33,"f:110:11:110:21":11,"b:111:8:113:Infinity:undefined:undefined:undefined:undefined":11,"s:111:8:113:Infinity":34,"s:112:12:112:Infinity":35,"s:114:8:114:Infinity":36}}}
,"C:\\Users\\Sisma\\source\\repos\\payment-challenge\\payment-challenge-front\\src\\utils\\cardValidation.ts": {"path":"C:\\Users\\Sisma\\source\\repos\\payment-challenge\\payment-challenge-front\\src\\utils\\cardValidation.ts","statementMap":{"0":{"start":{"line":13,"column":30},"end":{"line":27,"column":null}},"1":{"start":{"line":14,"column":20},"end":{"line":14,"column":null}},"2":{"start":{"line":17,"column":4},"end":{"line":19,"column":null}},"3":{"start":{"line":18,"column":8},"end":{"line":18,"column":null}},"4":{"start":{"line":22,"column":4},"end":{"line":24,"column":null}},"5":{"start":{"line":23,"column":8},"end":{"line":23,"column":null}},"6":{"start":{"line":26,"column":4},"end":{"line":26,"column":null}},"7":{"start":{"line":32,"column":34},"end":{"line":59,"column":null}},"8":{"start":{"line":33,"column":20},"end":{"line":33,"column":null}},"9":{"start":{"line":36,"column":4},"end":{"line":38,"column":null}},"10":{"start":{"line":37,"column":8},"end":{"line":37,"column":null}},"11":{"start":{"line":41,"column":14},"end":{"line":41,"column":null}},"12":{"start":{"line":42,"column":17},"end":{"line":42,"column":null}},"13":{"start":{"line":44,"column":4},"end":{"line":56,"column":null}},"14":{"start":{"line":44,"column":17},"end":{"line":44,"column":37}},"15":{"start":{"line":45,"column":20},"end":{"line":45,"column":null}},"16":{"start":{"line":47,"column":8},"end":{"line":52,"column":null}},"17":{"start":{"line":48,"column":12},"end":{"line":48,"column":null}},"18":{"start":{"line":49,"column":12},"end":{"line":51,"column":null}},"19":{"start":{"line":50,"column":16},"end":{"line":50,"column":null}},"20":{"start":{"line":54,"column":8},"end":{"line":54,"column":null}},"21":{"start":{"line":55,"column":8},"end":{"line":55,"column":null}},"22":{"start":{"line":58,"column":4},"end":{"line":58,"column":null}},"23":{"start":{"line":64,"column":32},"end":{"line":68,"column":null}},"24":{"start":{"line":65,"column":20},"end":{"line":65,"column":null}},"25":{"start":{"line":66,"column":19},"end":{"line":66,"column":null}},"26":{"start":{"line":67,"column":4},"end":{"line":67,"column":null}},"27":{"start":{"line":73,"column":34},"end":{"line":97,"column":null}},"28":{"start":{"line":74,"column":4},"end":{"line":76,"column":null}},"29":{"start":{"line":75,"column":8},"end":{"line":75,"column":null}},"30":{"start":{"line":78,"column":26},"end":{"line":78,"column":null}},"31":{"start":{"line":78,"column":53},"end":{"line":78,"column":64}},"32":{"start":{"line":80,"column":4},"end":{"line":82,"column":null}},"33":{"start":{"line":81,"column":8},"end":{"line":81,"column":null}},"34":{"start":{"line":84,"column":16},"end":{"line":84,"column":null}},"35":{"start":{"line":85,"column":24},"end":{"line":85,"column":null}},"36":{"start":{"line":86,"column":25},"end":{"line":86,"column":null}},"37":{"start":{"line":88,"column":4},"end":{"line":90,"column":null}},"38":{"start":{"line":89,"column":8},"end":{"line":89,"column":null}},"39":{"start":{"line":92,"column":4},"end":{"line":94,"column":null}},"40":{"start":{"line":93,"column":8},"end":{"line":93,"column":null}},"41":{"start":{"line":96,"column":4},"end":{"line":96,"column":null}},"42":{"start":{"line":102,"column":32},"end":{"line":110,"column":null}},"43":{"start":{"line":103,"column":20},"end":{"line":103,"column":null}},"44":{"start":{"line":105,"column":4},"end":{"line":107,"column":null}},"45":{"start":{"line":106,"column":8},"end":{"line":106,"column":null}},"46":{"start":{"line":109,"column":4},"end":{"line":109,"column":null}},"47":{"start":{"line":115,"column":27},"end":{"line":117,"column":null}},"48":{"start":{"line":116,"column":4},"end":{"line":116,"column":null}},"49":{"start":{"line":122,"column":34},"end":{"line":124,"column":null}},"50":{"start":{"line":123,"column":4},"end":{"line":123,"column":null}},"51":{"start":{"line":129,"column":33},"end":{"line":132,"column":null}},"52":{"start":{"line":130,"column":20},"end":{"line":130,"column":null}},"53":{"start":{"line":131,"column":4},"end":{"line":131,"column":null}},"54":{"start":{"line":137,"column":30},"end":{"line":140,"column":null}},"55":{"start":{"line":138,"column":21},"end":{"line":138,"column":null}},"56":{"start":{"line":139,"column":4},"end":{"line":139,"column":null}}},"fnMap":{"0":{"name":"(anonymous_0)","decl":{"start":{"line":13,"column":30},"end":{"line":13,"column":31}},"loc":{"start":{"line":13,"column":64},"end":{"line":27,"column":null}},"line":13},"1":{"name":"(anonymous_1)","decl":{"start":{"line":32,"column":34},"end":{"line":32,"column":35}},"loc":{"start":{"line":32,"column":67},"end":{"line":59,"column":null}},"line":32},"2":{"name":"(anonymous_2)","decl":{"start":{"line":64,"column":32},"end":{"line":64,"column":33}},"loc":{"start":{"line":64,"column":59},"end":{"line":68,"column":null}},"line":64},"3":{"name":"(anonymous_3)","decl":{"start":{"line":73,"column":34},"end":{"line":73,"column":35}},"loc":{"start":{"line":73,"column":63},"end":{"line":97,"column":null}},"line":73},"4":{"name":"(anonymous_4)","decl":{"start":{"line":78,"column":48},"end":{"line":78,"column":53}},"loc":{"start":{"line":78,"column":53},"end":{"line":78,"column":64}},"line":78},"5":{"name":"(anonymous_5)","decl":{"start":{"line":102,"column":32},"end":{"line":102,"column":33}},"loc":{"start":{"line":102,"column":59},"end":{"line":110,"column":null}},"line":102},"6":{"name":"(anonymous_6)","decl":{"start":{"line":115,"column":27},"end":{"line":115,"column":28}},"loc":{"start":{"line":115,"column":53},"end":{"line":117,"column":null}},"line":115},"7":{"name":"(anonymous_7)","decl":{"start":{"line":122,"column":34},"end":{"line":122,"column":35}},"loc":{"start":{"line":122,"column":61},"end":{"line":124,"column":null}},"line":122},"8":{"name":"(anonymous_8)","decl":{"start":{"line":129,"column":33},"end":{"line":129,"column":34}},"loc":{"start":{"line":129,"column":65},"end":{"line":132,"column":null}},"line":129},"9":{"name":"(anonymous_9)","decl":{"start":{"line":137,"column":30},"end":{"line":137,"column":31}},"loc":{"start":{"line":137,"column":62},"end":{"line":140,"column":null}},"line":137}},"branchMap":{"0":{"loc":{"start":{"line":17,"column":4},"end":{"line":19,"column":null}},"type":"if","locations":[{"start":{"line":17,"column":4},"end":{"line":19,"column":null}},{"start":{},"end":{}}],"line":17},"1":{"loc":{"start":{"line":22,"column":4},"end":{"line":24,"column":null}},"type":"if","locations":[{"start":{"line":22,"column":4},"end":{"line":24,"column":null}},{"start":{},"end":{}}],"line":22},"2":{"loc":{"start":{"line":22,"column":8},"end":{"line":22,"column":60}},"type":"binary-expr","locations":[{"start":{"line":22,"column":8},"end":{"line":22,"column":35}},{"start":{"line":22,"column":35},"end":{"line":22,"column":60}}],"line":22},"3":{"loc":{"start":{"line":36,"column":4},"end":{"line":38,"column":null}},"type":"if","locations":[{"start":{"line":36,"column":4},"end":{"line":38,"column":null}},{"start":{},"end":{}}],"line":36},"4":{"loc":{"start":{"line":47,"column":8},"end":{"line":52,"column":null}},"type":"if","locations":[{"start":{"line":47,"column":8},"end":{"line":52,"column":null}},{"start":{},"end":{}}],"line":47},"5":{"loc":{"start":{"line":49,"column":12},"end":{"line":51,"column":null}},"type":"if","locations":[{"start":{"line":49,"column":12},"end":{"line":51,"column":null}},{"start":{},"end":{}}],"line":49},"6":{"loc":{"start":{"line":66,"column":19},"end":{"line":66,"column":null}},"type":"binary-expr","locations":[{"start":{"line":66,"column":19},"end":{"line":66,"column":47}},{"start":{"line":66,"column":47},"end":{"line":66,"column":null}}],"line":66},"7":{"loc":{"start":{"line":74,"column":4},"end":{"line":76,"column":null}},"type":"if","locations":[{"start":{"line":74,"column":4},"end":{"line":76,"column":null}},{"start":{},"end":{}}],"line":74},"8":{"loc":{"start":{"line":80,"column":4},"end":{"line":82,"column":null}},"type":"if","locations":[{"start":{"line":80,"column":4},"end":{"line":82,"column":null}},{"start":{},"end":{}}],"line":80},"9":{"loc":{"start":{"line":80,"column":8},"end":{"line":80,"column":33}},"type":"binary-expr","locations":[{"start":{"line":80,"column":8},"end":{"line":80,"column":21}},{"start":{"line":80,"column":21},"end":{"line":80,"column":33}}],"line":80},"10":{"loc":{"start":{"line":88,"column":4},"end":{"line":90,"column":null}},"type":"if","locations":[{"start":{"line":88,"column":4},"end":{"line":90,"column":null}},{"start":{},"end":{}}],"line":88},"11":{"loc":{"start":{"line":92,"column":4},"end":{"line":94,"column":null}},"type":"if","locations":[{"start":{"line":92,"column":4},"end":{"line":94,"column":null}},{"start":{},"end":{}}],"line":92},"12":{"loc":{"start":{"line":92,"column":8},"end":{"line":92,"column":54}},"type":"binary-expr","locations":[{"start":{"line":92,"column":8},"end":{"line":92,"column":32}},{"start":{"line":92,"column":32},"end":{"line":92,"column":54}}],"line":92},"13":{"loc":{"start":{"line":105,"column":4},"end":{"line":107,"column":null}},"type":"if","locations":[{"start":{"line":105,"column":4},"end":{"line":107,"column":null}},{"start":{},"end":{}}],"line":105},"14":{"loc":{"start":{"line":123,"column":11},"end":{"line":123,"column":null}},"type":"binary-expr","locations":[{"start":{"line":123,"column":11},"end":{"line":123,"column":38}},{"start":{"line":123,"column":38},"end":{"line":123,"column":null}}],"line":123}},"s":{"0":1,"1":13,"2":13,"3":4,"4":9,"5":6,"6":3,"7":1,"8":12,"9":12,"10":4,"11":8,"12":8,"13":8,"14":8,"15":128,"16":128,"17":64,"18":64,"19":19,"20":128,"21":128,"22":8,"23":1,"24":5,"25":5,"26":5,"27":1,"28":9,"29":3,"30":6,"31":12,"32":6,"33":2,"34":4,"35":4,"36":4,"37":4,"38":2,"39":2,"40":0,"41":2,"42":1,"43":6,"44":6,"45":5,"46":1,"47":1,"48":8,"49":1,"50":10,"51":1,"52":7,"53":7,"54":1,"55":3,"56":3},"f":{"0":13,"1":12,"2":5,"3":9,"4":12,"5":6,"6":8,"7":10,"8":7,"9":3},"b":{"0":[4,9],"1":[6,3],"2":[9,5],"3":[4,8],"4":[64,64],"5":[19,45],"6":[5,0],"7":[3,6],"8":[2,4],"9":[6,5],"10":[2,2],"11":[0,2],"12":[2,1],"13":[5,1],"14":[10,8]},"meta":{"lastBranch":15,"lastFunction":10,"lastStatement":57,"seen":{"s:13:30:27:Infinity":0,"f:13:30:13:31":0,"s:14:20:14:Infinity":1,"b:17:4:19:Infinity:undefined:undefined:undefined:undefined":0,"s:17:4:19:Infinity":2,"s:18:8:18:Infinity":3,"b:22:4:24:Infinity:undefined:undefined:undefined:undefined":1,"s:22:4:24:Infinity":4,"b:22:8:22:35:22:35:22:60":2,"s:23:8:23:Infinity":5,"s:26:4:26:Infinity":6,"s:32:34:59:Infinity":7,"f:32:34:32:35":1,"s:33:20:33:Infinity":8,"b:36:4:38:Infinity:undefined:undefined:undefined:undefined":3,"s:36:4:38:Infinity":9,"s:37:8:37:Infinity":10,"s:41:14:41:Infinity":11,"s:42:17:42:Infinity":12,"s:44:4:56:Infinity":13,"s:44:17:44:37":14,"s:45:20:45:Infinity":15,"b:47:8:52:Infinity:undefined:undefined:undefined:undefined":4,"s:47:8:52:Infinity":16,"s:48:12:48:Infinity":17,"b:49:12:51:Infinity:undefined:undefined:undefined:undefined":5,"s:49:12:51:Infinity":18,"s:50:16:50:Infinity":19,"s:54:8:54:Infinity":20,"s:55:8:55:Infinity":21,"s:58:4:58:Infinity":22,"s:64:32:68:Infinity":23,"f:64:32:64:33":2,"s:65:20:65:Infinity":24,"s:66:19:66:Infinity":25,"b:66:19:66:47:66:47:66:Infinity":6,"s:67:4:67:Infinity":26,"s:73:34:97:Infinity":27,"f:73:34:73:35":3,"b:74:4:76:Infinity:undefined:undefined:undefined:undefined":7,"s:74:4:76:Infinity":28,"s:75:8:75:Infinity":29,"s:78:26:78:Infinity":30,"f:78:48:78:53":4,"s:78:53:78:64":31,"b:80:4:82:Infinity:undefined:undefined:undefined:undefined":8,"s:80:4:82:Infinity":32,"b:80:8:80:21:80:21:80:33":9,"s:81:8:81:Infinity":33,"s:84:16:84:Infinity":34,"s:85:24:85:Infinity":35,"s:86:25:86:Infinity":36,"b:88:4:90:Infinity:undefined:undefined:undefined:undefined":10,"s:88:4:90:Infinity":37,"s:89:8:89:Infinity":38,"b:92:4:94:Infinity:undefined:undefined:undefined:undefined":11,"s:92:4:94:Infinity":39,"b:92:8:92:32:92:32:92:54":12,"s:93:8:93:Infinity":40,"s:96:4:96:Infinity":41,"s:102:32:110:Infinity":42,"f:102:32:102:33":5,"s:103:20:103:Infinity":43,"b:105:4:107:Infinity:undefined:undefined:undefined:undefined":13,"s:105:4:107:Infinity":44,"s:106:8:106:Infinity":45,"s:109:4:109:Infinity":46,"s:115:27:117:Infinity":47,"f:115:27:115:28":6,"s:116:4:116:Infinity":48,"s:122:34:124:Infinity":49,"f:122:34:122:35":7,"s:123:4:123:Infinity":50,"b:123:11:123:38:123:38:123:Infinity":14,"s:129:33:132:Infinity":51,"f:129:33:129:34":8,"s:130:20:130:Infinity":52,"s:131:4:131:Infinity":53,"s:137:30:140:Infinity":54,"f:137:30:137:31":9,"s:138:21:138:Infinity":55,"s:139:4:139:Infinity":56}}}
}
