{"C:\\Users\\Sisma\\source\\repos\\payment-challenge\\payment-challenge-front\\src\\components\\atoms\\Button.css": {"path":"C:\\Users\\Sisma\\source\\repos\\payment-challenge\\payment-challenge-front\\src\\components\\atoms\\Button.css","statementMap":{},"fnMap":{},"branchMap":{},"s":{},"f":{},"b":{},"meta":{"lastBranch":0,"lastFunction":0,"lastStatement":0,"seen":{}}}
,"C:\\Users\\Sisma\\source\\repos\\payment-challenge\\payment-challenge-front\\src\\components\\atoms\\Button.tsx": {"path":"C:\\Users\\Sisma\\source\\repos\\payment-challenge\\payment-challenge-front\\src\\components\\atoms\\Button.tsx","statementMap":{"0":{"start":{"line":9,"column":45},"end":{"line":24,"column":null}},"1":{"start":{"line":16,"column":4},"end":{"line":22,"column":null}}},"fnMap":{"0":{"name":"(anonymous_0)","decl":{"start":{"line":9,"column":45},"end":{"line":9,"column":46}},"loc":{"start":{"line":15,"column":6},"end":{"line":24,"column":null}},"line":15}},"branchMap":{"0":{"loc":{"start":{"line":11,"column":4},"end":{"line":11,"column":null}},"type":"default-arg","locations":[{"start":{"line":11,"column":14},"end":{"line":11,"column":null}}],"line":11},"1":{"loc":{"start":{"line":12,"column":4},"end":{"line":12,"column":null}},"type":"default-arg","locations":[{"start":{"line":12,"column":16},"end":{"line":12,"column":null}}],"line":12},"2":{"loc":{"start":{"line":13,"column":4},"end":{"line":13,"column":null}},"type":"default-arg","locations":[{"start":{"line":13,"column":16},"end":{"line":13,"column":null}}],"line":13},"3":{"loc":{"start":{"line":18,"column":46},"end":{"line":18,"column":74}},"type":"cond-expr","locations":[{"start":{"line":18,"column":58},"end":{"line":18,"column":72}},{"start":{"line":18,"column":72},"end":{"line":18,"column":74}}],"line":18}},"s":{"0":2,"1":31},"f":{"0":31},"b":{"0":[31],"1":[31],"2":[31],"3":[23,8]},"meta":{"lastBranch":4,"lastFunction":1,"lastStatement":2,"seen":{"s:9:45:24:Infinity":0,"f:9:45:9:46":0,"b:11:14:11:Infinity":0,"b:12:16:12:Infinity":1,"b:13:16:13:Infinity":2,"s:16:4:22:Infinity":1,"b:18:58:18:72:18:72:18:74":3}}}
,"C:\\Users\\Sisma\\source\\repos\\payment-challenge\\payment-challenge-front\\src\\components\\organisms\\ProductDetail.css": {"path":"C:\\Users\\Sisma\\source\\repos\\payment-challenge\\payment-challenge-front\\src\\components\\organisms\\ProductDetail.css","statementMap":{},"fnMap":{},"branchMap":{},"s":{},"f":{},"b":{},"meta":{"lastBranch":0,"lastFunction":0,"lastStatement":0,"seen":{}}}
,"C:\\Users\\Sisma\\source\\repos\\payment-challenge\\payment-challenge-front\\src\\components\\organisms\\ProductDetail.tsx": {"path":"C:\\Users\\Sisma\\source\\repos\\payment-challenge\\payment-challenge-front\\src\\components\\organisms\\ProductDetail.tsx","statementMap":{"0":{"start":{"line":11,"column":59},"end":{"line":114,"column":null}},"1":{"start":{"line":12,"column":24},"end":{"line":14,"column":null}},"2":{"start":{"line":13,"column":8},"end":{"line":13,"column":null}},"3":{"start":{"line":16,"column":4},"end":{"line":112,"column":null}},"4":{"start":{"line":90,"column":28},"end":{"line":95,"column":null}}},"fnMap":{"0":{"name":"(anonymous_0)","decl":{"start":{"line":11,"column":59},"end":{"line":11,"column":60}},"loc":{"start":{"line":11,"column":83},"end":{"line":114,"column":null}},"line":11},"1":{"name":"(anonymous_1)","decl":{"start":{"line":12,"column":24},"end":{"line":12,"column":25}},"loc":{"start":{"line":12,"column":43},"end":{"line":14,"column":null}},"line":12},"2":{"name":"(anonymous_2)","decl":{"start":{"line":89,"column":94},"end":{"line":89,"column":95}},"loc":{"start":{"line":90,"column":28},"end":{"line":95,"column":null}},"line":90}},"branchMap":{"0":{"loc":{"start":{"line":26,"column":28},"end":{"line":26,"column":65}},"type":"binary-expr","locations":[{"start":{"line":26,"column":28},"end":{"line":26,"column":54}},{"start":{"line":26,"column":54},"end":{"line":26,"column":65}}],"line":26},"1":{"loc":{"start":{"line":47,"column":21},"end":{"line":56,"column":null}},"type":"cond-expr","locations":[{"start":{"line":48,"column":24},"end":{"line":51,"column":null}},{"start":{"line":53,"column":24},"end":{"line":56,"column":null}}],"line":47},"2":{"loc":{"start":{"line":89,"column":25},"end":{"line":96,"column":null}},"type":"binary-expr","locations":[{"start":{"line":89,"column":25},"end":{"line":89,"column":51}},{"start":{"line":89,"column":51},"end":{"line":96,"column":null}}],"line":89},"3":{"loc":{"start":{"line":93,"column":37},"end":{"line":93,"column":null}},"type":"cond-expr","locations":[{"start":{"line":93,"column":60},"end":{"line":93,"column":79}},{"start":{"line":93,"column":79},"end":{"line":93,"column":null}}],"line":93},"4":{"loc":{"start":{"line":103,"column":25},"end":{"line":103,"column":null}},"type":"binary-expr","locations":[{"start":{"line":103,"column":25},"end":{"line":103,"column":48}},{"start":{"line":103,"column":48},"end":{"line":103,"column":null}}],"line":103},"5":{"loc":{"start":{"line":105,"column":21},"end":{"line":108,"column":null}},"type":"binary-expr","locations":[{"start":{"line":105,"column":21},"end":{"line":105,"column":null}},{"start":{"line":106,"column":24},"end":{"line":108,"column":null}}],"line":105}},"s":{"0":1,"1":11,"2":22,"3":11,"4":40},"f":{"0":11,"1":22,"2":40},"b":{"0":[11,0],"1":[10,1],"2":[11,11],"3":[10,30],"4":[11,0],"5":[11,11]},"meta":{"lastBranch":6,"lastFunction":3,"lastStatement":5,"seen":{"s:11:59:114:Infinity":0,"f:11:59:11:60":0,"s:12:24:14:Infinity":1,"f:12:24:12:25":1,"s:13:8:13:Infinity":2,"s:16:4:112:Infinity":3,"b:26:28:26:54:26:54:26:65":0,"b:48:24:51:Infinity:53:24:56:Infinity":1,"b:89:25:89:51:89:51:96:Infinity":2,"f:89:94:89:95":2,"s:90:28:95:Infinity":4,"b:93:60:93:79:93:79:93:Infinity":3,"b:103:25:103:48:103:48:103:Infinity":4,"b:105:21:105:Infinity:106:24:108:Infinity":5}}}
,"C:\\Users\\Sisma\\source\\repos\\payment-challenge\\payment-challenge-front\\src\\infrastructure\\api\\product.service.ts": {"path":"C:\\Users\\Sisma\\source\\repos\\payment-challenge\\payment-challenge-front\\src\\infrastructure\\api\\product.service.ts","statementMap":{"0":{"start":{"line":3,"column":16},"end":{"line":3,"column":null}},"1":{"start":{"line":5,"column":30},"end":{"line":13,"column":null}},"2":{"start":{"line":7,"column":25},"end":{"line":7,"column":null}},"3":{"start":{"line":8,"column":8},"end":{"line":10,"column":null}},"4":{"start":{"line":9,"column":12},"end":{"line":9,"column":null}},"5":{"start":{"line":11,"column":8},"end":{"line":11,"column":null}}},"fnMap":{"0":{"name":"(anonymous_0)","decl":{"start":{"line":6,"column":12},"end":{"line":6,"column":44}},"loc":{"start":{"line":6,"column":44},"end":{"line":12,"column":null}},"line":6}},"branchMap":{"0":{"loc":{"start":{"line":8,"column":8},"end":{"line":10,"column":null}},"type":"if","locations":[{"start":{"line":8,"column":8},"end":{"line":10,"column":null}},{"start":{},"end":{}}],"line":8}},"s":{"0":1,"1":1,"2":4,"3":3,"4":1,"5":2},"f":{"0":4},"b":{"0":[1,2]},"meta":{"lastBranch":1,"lastFunction":1,"lastStatement":6,"seen":{"s:3:16:3:Infinity":0,"s:5:30:13:Infinity":1,"f:6:12:6:44":0,"s:7:25:7:Infinity":2,"b:8:8:10:Infinity:undefined:undefined:undefined:undefined":0,"s:8:8:10:Infinity":3,"s:9:12:9:Infinity":4,"s:11:8:11:Infinity":5}}}
,"C:\\Users\\Sisma\\source\\repos\\payment-challenge\\payment-challenge-front\\src\\store\\slices\\products.slice.ts": {"path":"C:\\Users\\Sisma\\source\\repos\\payment-challenge\\payment-challenge-front\\src\\store\\slices\\products.slice.ts","statementMap":{"0":{"start":{"line":11,"column":36},"end":{"line":15,"column":null}},"1":{"start":{"line":17,"column":13},"end":{"line":19,"column":null}},"2":{"start":{"line":18,"column":4},"end":{"line":18,"column":null}},"3":{"start":{"line":21,"column":13},"end":{"line":39,"column":null}},"4":{"start":{"line":26,"column":8},"end":{"line":37,"column":null}},"5":{"start":{"line":28,"column":16},"end":{"line":28,"column":null}},"6":{"start":{"line":31,"column":16},"end":{"line":31,"column":null}},"7":{"start":{"line":32,"column":16},"end":{"line":32,"column":null}},"8":{"start":{"line":35,"column":16},"end":{"line":35,"column":null}},"9":{"start":{"line":36,"column":16},"end":{"line":36,"column":null}}},"fnMap":{"0":{"name":"(anonymous_0)","decl":{"start":{"line":17,"column":72},"end":{"line":17,"column":84}},"loc":{"start":{"line":17,"column":84},"end":{"line":19,"column":1}},"line":17},"1":{"name":"(anonymous_1)","decl":{"start":{"line":25,"column":19},"end":{"line":25,"column":20}},"loc":{"start":{"line":25,"column":32},"end":{"line":38,"column":null}},"line":25},"2":{"name":"(anonymous_2)","decl":{"start":{"line":27,"column":44},"end":{"line":27,"column":45}},"loc":{"start":{"line":27,"column":55},"end":{"line":29,"column":13}},"line":27},"3":{"name":"(anonymous_3)","decl":{"start":{"line":30,"column":46},"end":{"line":30,"column":47}},"loc":{"start":{"line":30,"column":91},"end":{"line":33,"column":13}},"line":30},"4":{"name":"(anonymous_4)","decl":{"start":{"line":34,"column":45},"end":{"line":34,"column":46}},"loc":{"start":{"line":34,"column":64},"end":{"line":37,"column":13}},"line":34}},"branchMap":{"0":{"loc":{"start":{"line":36,"column":30},"end":{"line":36,"column":null}},"type":"binary-expr","locations":[{"start":{"line":36,"column":30},"end":{"line":36,"column":54}},{"start":{"line":36,"column":54},"end":{"line":36,"column":null}}],"line":36}},"s":{"0":1,"1":1,"2":2,"3":1,"4":1,"5":1,"6":1,"7":1,"8":2,"9":2},"f":{"0":2,"1":1,"2":1,"3":1,"4":2},"b":{"0":[2,1]},"meta":{"lastBranch":1,"lastFunction":5,"lastStatement":10,"seen":{"s:11:36:15:Infinity":0,"s:17:13:19:Infinity":1,"f:17:72:17:84":0,"s:18:4:18:Infinity":2,"s:21:13:39:Infinity":3,"f:25:19:25:20":1,"s:26:8:37:Infinity":4,"f:27:44:27:45":2,"s:28:16:28:Infinity":5,"f:30:46:30:47":3,"s:31:16:31:Infinity":6,"s:32:16:32:Infinity":7,"f:34:45:34:46":4,"s:35:16:35:Infinity":8,"s:36:16:36:Infinity":9,"b:36:30:36:54:36:54:36:Infinity":0}}}
}
